<?xml version="1.0" encoding="UTF-8"?>
<!-- Generated by org.testng.reporters.JUnitXMLReporter -->
<testsuite hostname="MacBook-Pro.local" failures="0" tests="3" name="Jot.com form filling" time="6.045" errors="0" timestamp="5 Mar 2021 04:57:00 GMT">
  <testcase classname="com.JetForm.testcases.JotFormPageTest" name="verifyHomePageTitleTest" time="0.016"/>
  <testcase classname="com.JetForm.testcases.JotFormPageTest" name="EnterFormInformation" time="1.771"/>
  <testcase classname="com.JetForm.testcases.JotFormPageTest" name="verifyTitleTest" time="0.005"/>
</testsuite> <!-- Jot.com form filling -->
