<?xml version="1.0" encoding="UTF-8"?>
<testng-results total="3" passed="3" failed="0" skipped="0">
  <reporter-output>
  </reporter-output>
  <suite started-at="2021-03-05T04:56:54Z" name="Jot.com" finished-at="2021-03-05T04:57:00Z" duration-ms="6045">
    <groups>
    </groups>
    <test started-at="2021-03-05T04:56:54Z" name="Jot.com form filling" finished-at="2021-03-05T04:57:00Z" duration-ms="6045">
      <class name="com.JetForm.testcases.JotFormPageTest">
        <test-method is-config="true" signature="setUp()[pri:0, instance:com.JetForm.testcases.JotFormPageTest@2de23121]" started-at="2021-03-04T23:56:54Z" name="setUp" finished-at="2021-03-04T23:56:58Z" duration-ms="4147" status="PASS">
          <reporter-output>
          </reporter-output>
        </test-method> <!-- setUp -->
        <test-method signature="verifyHomePageTitleTest()[pri:0, instance:com.JetForm.testcases.JotFormPageTest@2de23121]" started-at="2021-03-04T23:56:58Z" name="verifyHomePageTitleTest" finished-at="2021-03-04T23:56:58Z" duration-ms="16" status="PASS">
          <reporter-output>
          </reporter-output>
        </test-method> <!-- verifyHomePageTitleTest -->
        <test-method signature="EnterFormInformation(java.lang.String, java.lang.String, java.lang.String, java.lang.String, java.lang.String, java.lang.String, java.lang.String, java.lang.String, java.lang.String, java.lang.String, java.lang.String)[pri:0, instance:com.JetForm.testcases.JotFormPageTest@2de23121]" started-at="2021-03-04T23:56:58Z" name="EnterFormInformation" finished-at="2021-03-04T23:57:00Z" duration-ms="1771" status="PASS">
          <params>
            <param index="0">
              <value>
                <![CDATA[Peter]]>
              </value>
            </param>
            <param index="1">
              <value>
                <![CDATA[Worsham]]>
              </value>
            </param>
            <param index="2">
              <value>
                <![CDATA[peter.worsham@gmail.com]]>
              </value>
            </param>
            <param index="3">
              <value>
                <![CDATA[Standard Room (1 to 2 People)]]>
              </value>
            </param>
            <param index="4">
              <value>
                <![CDATA[1]]>
              </value>
            </param>
            <param index="5">
              <value>
                <![CDATA[04-12-2020]]>
              </value>
            </param>
            <param index="6">
              <value>
                <![CDATA[May]]>
              </value>
            </param>
            <param index="7">
              <value>
                <![CDATA[10]]>
              </value>
            </param>
            <param index="8">
              <value>
                <![CDATA[2020]]>
              </value>
            </param>
            <param index="9">
              <value>
                <![CDATA[12345]]>
              </value>
            </param>
            <param index="10">
              <value>
                <![CDATA[Non smoker room]]>
              </value>
            </param>
          </params>
          <reporter-output>
          </reporter-output>
        </test-method> <!-- EnterFormInformation -->
        <test-method signature="verifyTitleTest()[pri:0, instance:com.JetForm.testcases.JotFormPageTest@2de23121]" started-at="2021-03-04T23:57:00Z" name="verifyTitleTest" finished-at="2021-03-04T23:57:00Z" duration-ms="5" status="PASS">
          <reporter-output>
          </reporter-output>
        </test-method> <!-- verifyTitleTest -->
        <test-method is-config="true" signature="tearDown()[pri:0, instance:com.JetForm.testcases.JotFormPageTest@2de23121]" started-at="2021-03-04T23:57:00Z" name="tearDown" finished-at="2021-03-04T23:57:00Z" duration-ms="86" status="PASS">
          <reporter-output>
          </reporter-output>
        </test-method> <!-- tearDown -->
      </class> <!-- com.JetForm.testcases.JotFormPageTest -->
    </test> <!-- Jot.com form filling -->
  </suite> <!-- Jot.com -->
</testng-results>
